<?xml version="1.0" encoding="UTF-8"?>
<!-- Generated by org.testng.reporters.JUnitXMLReporter -->
<testsuite ignored="2" hostname="D-MK001" failures="1" tests="3" name="SanityTests" time="54.584" errors="0" timestamp="2022-05-18T01:51:08 GST">
  <testcase classname="com.dreamhost.testcase.RegisterDomain" name="registerDomain_ShouldFillAllTheInfoAndCardShouldReject" time="16.595"/>
  <testcase classname="com.dreamhost.testcase.SearchDomain" name="serachDomains_GoogleShouldNotShowAvailable" time="7.013"/>
  <testcase classname="com.dreamhost.testcase.SearchDomain" name="serachDomains_UnregisteredDomainShouldShowAvailable" time="17.895">
    <failure type="org.openqa.selenium.NoSuchElementException" message="no such element: Unable to locate element: {&amp;quot;method&amp;quot;:&amp;quot;css selector&amp;quot;,&amp;quot;selector&amp;quot;:&amp;quot;div.main-content.supports-fontface.l-pos-relative.u-overflow-hidden.c-c-w100:nth-child(3) section.t-center.section-hero.section-hero--domains.section-domain-navigation.p-bottom-0.u-overflow-hidden.p-top-16.blur:nth-child(1) div.container-l.p-x-1.p-x-4__m.p-x-10__l.m-bottom-10.z-1.l-pos-relative.p-bottom-3.t-bold:nth-child(2) form.form-standard.js-domain-search-init.js-domain-search-redirect.l-pos-relative.z-1 div.domain-results div.exact-tlds.tlds-section.slidein div.result-row.exact-result.sale-tld &amp;gt; p:nth-child(2)&amp;quot;}
  (Session info: chrome=101.0.4951.54)
For documentation on this error, please visit: https://selenium.dev/exceptions/#no_such_element
Build info: version: &amp;apos;4.1.4&amp;apos;, revision: &amp;apos;535d840ee2&amp;apos;
System info: host: &amp;apos;D-MK001&amp;apos;, ip: &amp;apos;192.168.1.36&amp;apos;, os.name: &amp;apos;Windows 10&amp;apos;, os.arch: &amp;apos;amd64&amp;apos;, os.version: &amp;apos;10.0&amp;apos;, java.version: &amp;apos;16.0.2&amp;apos;
Driver info: org.openqa.selenium.chrome.ChromeDriver
Command: [ba440c527a6ee61b5fec8a4cb1bd421f, findElement {using=css selector, value=div.main-content.supports-fontface.l-pos-relative.u-overflow-hidden.c-c-w100:nth-child(3) section.t-center.section-hero.section-hero--domains.section-domain-navigation.p-bottom-0.u-overflow-hidden.p-top-16.blur:nth-child(1) div.container-l.p-x-1.p-x-4__m.p-x-10__l.m-bottom-10.z-1.l-pos-relative.p-bottom-3.t-bold:nth-child(2) form.form-standard.js-domain-search-init.js-domain-search-redirect.l-pos-relative.z-1 div.domain-results div.exact-tlds.tlds-section.slidein div.result-row.exact-result.sale-tld &amp;gt; p:nth-child(2)}]
Capabilities {acceptInsecureCerts: false, browserName: chrome, browserVersion: 101.0.4951.54, chrome: {chromedriverVersion: 101.0.4951.41 (93c720db8323..., userDataDir: C:\Users\vsabu\AppData\Loca...}, goog:chromeOptions: {debuggerAddress: localhost:61876}, javascriptEnabled: true, networkConnectionEnabled: false, pageLoadStrategy: normal, platform: WINDOWS, platformName: WINDOWS, proxy: Proxy(), se:cdp: ws://localhost:61876/devtoo..., se:cdpVersion: 101.0.4951.54, setWindowRect: true, strictFileInteractability: false, timeouts: {implicit: 0, pageLoad: 300000, script: 30000}, unhandledPromptBehavior: dismiss and notify, webauthn:extension:credBlob: true, webauthn:extension:largeBlob: true, webauthn:virtualAuthenticators: true}
Session ID: ba440c527a6ee61b5fec8a4cb1bd421f">
      <![CDATA[org.openqa.selenium.NoSuchElementException: no such element: Unable to locate element: {"method":"css selector","selector":"div.main-content.supports-fontface.l-pos-relative.u-overflow-hidden.c-c-w100:nth-child(3) section.t-center.section-hero.section-hero--domains.section-domain-navigation.p-bottom-0.u-overflow-hidden.p-top-16.blur:nth-child(1) div.container-l.p-x-1.p-x-4__m.p-x-10__l.m-bottom-10.z-1.l-pos-relative.p-bottom-3.t-bold:nth-child(2) form.form-standard.js-domain-search-init.js-domain-search-redirect.l-pos-relative.z-1 div.domain-results div.exact-tlds.tlds-section.slidein div.result-row.exact-result.sale-tld > p:nth-child(2)"}
  (Session info: chrome=101.0.4951.54)
For documentation on this error, please visit: https://selenium.dev/exceptions/#no_such_element
Build info: version: '4.1.4', revision: '535d840ee2'
System info: host: 'D-MK001', ip: '192.168.1.36', os.name: 'Windows 10', os.arch: 'amd64', os.version: '10.0', java.version: '16.0.2'
Driver info: org.openqa.selenium.chrome.ChromeDriver
Command: [ba440c527a6ee61b5fec8a4cb1bd421f, findElement {using=css selector, value=div.main-content.supports-fontface.l-pos-relative.u-overflow-hidden.c-c-w100:nth-child(3) section.t-center.section-hero.section-hero--domains.section-domain-navigation.p-bottom-0.u-overflow-hidden.p-top-16.blur:nth-child(1) div.container-l.p-x-1.p-x-4__m.p-x-10__l.m-bottom-10.z-1.l-pos-relative.p-bottom-3.t-bold:nth-child(2) form.form-standard.js-domain-search-init.js-domain-search-redirect.l-pos-relative.z-1 div.domain-results div.exact-tlds.tlds-section.slidein div.result-row.exact-result.sale-tld > p:nth-child(2)}]
Capabilities {acceptInsecureCerts: false, browserName: chrome, browserVersion: 101.0.4951.54, chrome: {chromedriverVersion: 101.0.4951.41 (93c720db8323..., userDataDir: C:\Users\vsabu\AppData\Loca...}, goog:chromeOptions: {debuggerAddress: localhost:61876}, javascriptEnabled: true, networkConnectionEnabled: false, pageLoadStrategy: normal, platform: WINDOWS, platformName: WINDOWS, proxy: Proxy(), se:cdp: ws://localhost:61876/devtoo..., se:cdpVersion: 101.0.4951.54, setWindowRect: true, strictFileInteractability: false, timeouts: {implicit: 0, pageLoad: 300000, script: 30000}, unhandledPromptBehavior: dismiss and notify, webauthn:extension:credBlob: true, webauthn:extension:largeBlob: true, webauthn:virtualAuthenticators: true}
Session ID: ba440c527a6ee61b5fec8a4cb1bd421f
at org.openqa.selenium.remote.codec.w3c.W3CHttpResponseCodec.createException(W3CHttpResponseCodec.java:200)
at org.openqa.selenium.remote.codec.w3c.W3CHttpResponseCodec.decode(W3CHttpResponseCodec.java:133)
at org.openqa.selenium.remote.codec.w3c.W3CHttpResponseCodec.decode(W3CHttpResponseCodec.java:53)
at org.openqa.selenium.remote.HttpCommandExecutor.execute(HttpCommandExecutor.java:184)
at org.openqa.selenium.remote.service.DriverCommandExecutor.invokeExecute(DriverCommandExecutor.java:167)
at org.openqa.selenium.remote.service.DriverCommandExecutor.execute(DriverCommandExecutor.java:142)
at org.openqa.selenium.remote.RemoteWebDriver.execute(RemoteWebDriver.java:567)
at org.openqa.selenium.remote.ElementLocation$ElementFinder$2.findElement(ElementLocation.java:162)
at org.openqa.selenium.remote.ElementLocation.findElement(ElementLocation.java:60)
at org.openqa.selenium.remote.RemoteWebDriver.findElement(RemoteWebDriver.java:385)
at org.openqa.selenium.remote.RemoteWebDriver.findElement(RemoteWebDriver.java:377)
at org.openqa.selenium.support.pagefactory.DefaultElementLocator.findElement(DefaultElementLocator.java:70)
at org.openqa.selenium.support.pagefactory.internal.LocatingElementHandler.invoke(LocatingElementHandler.java:39)
at jdk.proxy2/jdk.proxy2.$Proxy20.getText(Unknown Source)
at com.dreamhost.testcase.SearchDomain.serachDomains_UnregisteredDomainShouldShowAvailable(SearchDomain.java:34)
at java.base/java.util.ArrayList.forEach(ArrayList.java:1511)
at java.base/java.util.concurrent.FutureTask.run(FutureTask.java:264)
at java.base/java.util.concurrent.ThreadPoolExecutor.runWorker(ThreadPoolExecutor.java:1130)
at java.base/java.util.concurrent.ThreadPoolExecutor$Worker.run(ThreadPoolExecutor.java:630)
at java.base/java.lang.Thread.run(Thread.java:831)
... Removed 23 stack frames]]>
    </failure>
  </testcase> <!-- serachDomains_UnregisteredDomainShouldShowAvailable -->
  <testcase classname="com.dreamhost.testcase.BaseClass" name="@BeforeTest InitializeBrowser" time="0.0">
    <ignored/>
  </testcase> <!-- @BeforeTest InitializeBrowser -->
  <testcase classname="com.dreamhost.testcase.BaseClass" name="@AfterTest CleanUp" time="0.0">
    <ignored/>
  </testcase> <!-- @AfterTest CleanUp -->
</testsuite> <!-- SanityTests -->
